<?xml version="1.0" encoding="UTF-8"?>
<testng-results skipped="0" failed="0" ignored="0" total="2" passed="2">
  <reporter-output>
  </reporter-output>
  <suite name="HRMTestNg" duration-ms="17367" started-at="2020-12-06T13:54:26Z" finished-at="2020-12-06T13:54:44Z">
    <groups>
    </groups>
    <test name="check pending leave request" duration-ms="6545" started-at="2020-12-06T13:54:26Z" finished-at="2020-12-06T13:54:33Z">
      <class name="testCases.Test_Pending_Leave_Request">
        <test-method status="PASS" signature="compareText()[pri:0, instance:testCases.Test_Pending_Leave_Request@224edc67]" name="compareText" duration-ms="6492" started-at="2020-12-06T19:24:26Z" finished-at="2020-12-06T19:24:33Z">
          <reporter-output>
          </reporter-output>
        </test-method> <!-- compareText -->
      </class> <!-- testCases.Test_Pending_Leave_Request -->
    </test> <!-- check pending leave request -->
    <test name="check test user role" duration-ms="10780" started-at="2020-12-06T13:54:33Z" finished-at="2020-12-06T13:54:44Z">
      <class name="testCases.Test_User_Role">
        <test-method status="PASS" signature="launchbrowser()[pri:0, instance:testCases.Test_User_Role@7cd62f43]" name="launchbrowser" is-config="true" duration-ms="13678" started-at="2020-12-06T19:24:13Z" finished-at="2020-12-06T19:24:26Z">
          <reporter-output>
          </reporter-output>
        </test-method> <!-- launchbrowser -->
        <test-method status="PASS" signature="checkUserRole()[pri:0, instance:testCases.Test_User_Role@7cd62f43]" name="checkUserRole" duration-ms="10772" started-at="2020-12-06T19:24:33Z" finished-at="2020-12-06T19:24:44Z">
          <reporter-output>
          </reporter-output>
        </test-method> <!-- checkUserRole -->
        <test-method status="PASS" signature="teardown()[pri:0, instance:testCases.Test_User_Role@7cd62f43]" name="teardown" is-config="true" duration-ms="824" started-at="2020-12-06T19:24:44Z" finished-at="2020-12-06T19:24:45Z">
          <reporter-output>
          </reporter-output>
        </test-method> <!-- teardown -->
      </class> <!-- testCases.Test_User_Role -->
    </test> <!-- check test user role -->
  </suite> <!-- HRMTestNg -->
</testng-results>
